<?xml version="1.0" encoding="UTF-8"?>
<!-- Generated by org.testng.reporters.JUnitXMLReporter -->
<testsuite hostname="RAHUL" ignored="0" name="Default test" tests="3" failures="0" timestamp="14 Dec 2021 08:52:53 GMT" time="69.246" errors="0">
  <testcase name="ticketbooking" time="15.108" classname="care.day10.prong"/>
  <testcase name="ticketbooking" time="23.154" classname="care.day10.prong"/>
  <testcase name="ticketbooking" time="16.24" classname="care.day10.prong"/>
</testsuite> <!-- Default test -->
